<?xml version="1.0" encoding="UTF-8"?>
<coverage generated="1599517351">
  <project timestamp="1599517351">
    <file name="/Users/rado/source/quillstack/packages/di/src/QuillStack/DI/Container.php">
      <class name="QuillStack\DI\Container" namespace="global">
        <metrics complexity="10" methods="6" coveredmethods="6" conditionals="0" coveredconditionals="0" statements="18" coveredstatements="18" elements="24" coveredelements="24"/>
      </class>
      <line num="52" type="method" name="__construct" visibility="public" complexity="1" crap="1" count="11"/>
      <line num="54" type="stmt" count="11"/>
      <line num="55" type="stmt" count="11"/>
      <line num="56" type="stmt" count="11"/>
      <line num="62" type="method" name="get" visibility="public" complexity="2" crap="2" count="8"/>
      <line num="64" type="stmt" count="8"/>
      <line num="65" type="stmt" count="8"/>
      <line num="68" type="stmt" count="5"/>
      <line num="74" type="method" name="has" visibility="public" complexity="1" crap="1" count="1"/>
      <line num="76" type="stmt" count="1"/>
      <line num="84" type="method" name="createNewInstance" visibility="private" complexity="2" crap="2" count="8"/>
      <line num="87" type="stmt" count="8"/>
      <line num="88" type="stmt" count="3"/>
      <line num="89" type="stmt" count="1"/>
      <line num="91" type="stmt" count="1"/>
      <line num="102" type="method" name="getInstantiableClassForInterface" visibility="public" complexity="2" crap="2" count="2"/>
      <line num="104" type="stmt" count="2"/>
      <line num="105" type="stmt" count="1"/>
      <line num="108" type="stmt" count="1"/>
      <line num="119" type="method" name="getParameterForClass" visibility="public" complexity="2" crap="2" count="2"/>
      <line num="121" type="stmt" count="2"/>
      <line num="122" type="stmt" count="1"/>
      <line num="124" type="stmt" count="1"/>
      <line num="127" type="stmt" count="1"/>
      <metrics loc="129" ncloc="74" classes="1" methods="6" coveredmethods="6" conditionals="0" coveredconditionals="0" statements="18" coveredstatements="18" elements="24" coveredelements="24"/>
    </file>
    <file name="/Users/rado/source/quillstack/packages/di/src/QuillStack/DI/InstanceFactory.php">
      <class name="QuillStack\DI\InstanceFactory" namespace="global">
        <metrics complexity="10" methods="6" coveredmethods="6" conditionals="0" coveredconditionals="0" statements="20" coveredstatements="20" elements="26" coveredelements="26"/>
      </class>
      <line num="44" type="method" name="__construct" visibility="public" complexity="1" crap="1" count="11"/>
      <line num="46" type="stmt" count="11"/>
      <line num="54" type="method" name="instantiableClassFactory" visibility="public" complexity="2" crap="2" count="6"/>
      <line num="56" type="stmt" count="6"/>
      <line num="57" type="stmt" count="1"/>
      <line num="60" type="stmt" count="6"/>
      <line num="68" type="method" name="classFromInterfaceFactory" visibility="public" complexity="2" crap="2" count="1"/>
      <line num="70" type="stmt" count="1"/>
      <line num="71" type="stmt" count="1"/>
      <line num="74" type="stmt" count="1"/>
      <line num="86" type="method" name="create" visibility="public" complexity="3" crap="3" count="8"/>
      <line num="88" type="stmt" count="8"/>
      <line num="90" type="stmt" count="7"/>
      <line num="91" type="stmt" count="6"/>
      <line num="94" type="stmt" count="2"/>
      <line num="95" type="stmt" count="1"/>
      <line num="98" type="stmt" count="1"/>
      <line num="109" type="method" name="createInstantiable" visibility="private" complexity="1" crap="1" count="6"/>
      <line num="111" type="stmt" count="6"/>
      <line num="112" type="stmt" count="6"/>
      <line num="113" type="stmt" count="6"/>
      <line num="114" type="stmt" count="6"/>
      <line num="124" type="method" name="createFromInterface" visibility="private" complexity="1" crap="1" count="1"/>
      <line num="126" type="stmt" count="1"/>
      <line num="127" type="stmt" count="1"/>
      <line num="128" type="stmt" count="1"/>
      <metrics loc="130" ncloc="73" classes="1" methods="6" coveredmethods="6" conditionals="0" coveredconditionals="0" statements="20" coveredstatements="20" elements="26" coveredelements="26"/>
    </file>
    <file name="/Users/rado/source/quillstack/packages/di/src/QuillStack/DI/InstanceFactoryInterface.php">
      <metrics loc="17" ncloc="10" classes="0" methods="0" coveredmethods="0" conditionals="0" coveredconditionals="0" statements="0" coveredstatements="0" elements="0" coveredelements="0"/>
    </file>
    <file name="/Users/rado/source/quillstack/packages/di/src/QuillStack/DI/InstanceFactories/InstantiableClassFactory.php">
      <class name="QuillStack\DI\InstanceFactories\InstantiableClassFactory" namespace="global">
        <metrics complexity="10" methods="5" coveredmethods="5" conditionals="0" coveredconditionals="0" statements="20" coveredstatements="20" elements="25" coveredelements="25"/>
      </class>
      <line num="38" type="method" name="setClass" visibility="public" complexity="1" crap="1" count="6"/>
      <line num="40" type="stmt" count="6"/>
      <line num="42" type="stmt" count="6"/>
      <line num="52" type="method" name="setContainer" visibility="public" complexity="1" crap="1" count="7"/>
      <line num="54" type="stmt" count="7"/>
      <line num="56" type="stmt" count="7"/>
      <line num="62" type="method" name="create" visibility="public" complexity="2" crap="2" count="6"/>
      <line num="64" type="stmt" count="6"/>
      <line num="66" type="stmt" count="6"/>
      <line num="67" type="stmt" count="3"/>
      <line num="70" type="stmt" count="6"/>
      <line num="72" type="stmt" count="6"/>
      <line num="83" type="method" name="createInstanceWithParameters" visibility="private" complexity="3" crap="3" count="6"/>
      <line num="85" type="stmt" count="6"/>
      <line num="86" type="stmt" count="6"/>
      <line num="87" type="stmt" count="1"/>
      <line num="88" type="stmt" count="5"/>
      <line num="89" type="stmt" count="5"/>
      <line num="90" type="stmt" count="5"/>
      <line num="94" type="stmt" count="5"/>
      <line num="106" type="method" name="createParameter" visibility="private" complexity="3" crap="3" count="5"/>
      <line num="108" type="stmt" count="5"/>
      <line num="109" type="stmt" count="5"/>
      <line num="112" type="stmt" count="2"/>
      <line num="113" type="stmt" count="2"/>
      <metrics loc="117" ncloc="69" classes="1" methods="5" coveredmethods="5" conditionals="0" coveredconditionals="0" statements="20" coveredstatements="20" elements="25" coveredelements="25"/>
    </file>
    <file name="/Users/rado/source/quillstack/packages/di/src/QuillStack/DI/InstanceFactories/ClassFromInterfaceFactory.php">
      <class name="QuillStack\DI\InstanceFactories\ClassFromInterfaceFactory" namespace="global">
        <metrics complexity="2" methods="2" coveredmethods="2" conditionals="0" coveredconditionals="0" statements="4" coveredstatements="4" elements="6" coveredelements="6"/>
      </class>
      <line num="30" type="method" name="setContainer" visibility="public" complexity="1" crap="1" count="2"/>
      <line num="32" type="stmt" count="2"/>
      <line num="34" type="stmt" count="2"/>
      <line num="40" type="method" name="create" visibility="public" complexity="1" crap="1" count="1"/>
      <line num="42" type="stmt" count="1"/>
      <line num="43" type="stmt" count="1"/>
      <metrics loc="46" ncloc="27" classes="1" methods="2" coveredmethods="2" conditionals="0" coveredconditionals="0" statements="4" coveredstatements="4" elements="6" coveredelements="6"/>
    </file>
    <file name="/Users/rado/source/quillstack/packages/di/src/QuillStack/DI/Exceptions/UnableToCreateReflectionClassException.php">
      <class name="QuillStack\DI\Exceptions\UnableToCreateReflectionClassException" namespace="global">
        <metrics complexity="0" methods="0" coveredmethods="0" conditionals="0" coveredconditionals="0" statements="0" coveredstatements="0" elements="0" coveredelements="0"/>
      </class>
      <metrics loc="12" ncloc="11" classes="0" methods="0" coveredmethods="0" conditionals="0" coveredconditionals="0" statements="0" coveredstatements="0" elements="0" coveredelements="0"/>
    </file>
    <file name="/Users/rado/source/quillstack/packages/di/src/QuillStack/DI/Exceptions/ContainerException.php">
      <class name="QuillStack\DI\Exceptions\ContainerException" namespace="global">
        <metrics complexity="0" methods="0" coveredmethods="0" conditionals="0" coveredconditionals="0" statements="0" coveredstatements="0" elements="0" coveredelements="0"/>
      </class>
      <metrics loc="13" ncloc="12" classes="0" methods="0" coveredmethods="0" conditionals="0" coveredconditionals="0" statements="0" coveredstatements="0" elements="0" coveredelements="0"/>
    </file>
    <file name="/Users/rado/source/quillstack/packages/di/src/QuillStack/DI/Exceptions/ParameterDefinitionNotFoundException.php">
      <class name="QuillStack\DI\Exceptions\ParameterDefinitionNotFoundException" namespace="global">
        <metrics complexity="0" methods="0" coveredmethods="0" conditionals="0" coveredconditionals="0" statements="0" coveredstatements="0" elements="0" coveredelements="0"/>
      </class>
      <metrics loc="12" ncloc="11" classes="0" methods="0" coveredmethods="0" conditionals="0" coveredconditionals="0" statements="0" coveredstatements="0" elements="0" coveredelements="0"/>
    </file>
    <file name="/Users/rado/source/quillstack/packages/di/src/QuillStack/DI/Exceptions/InterfaceDefinitionNotFoundException.php">
      <class name="QuillStack\DI\Exceptions\InterfaceDefinitionNotFoundException" namespace="global">
        <metrics complexity="0" methods="0" coveredmethods="0" conditionals="0" coveredconditionals="0" statements="0" coveredstatements="0" elements="0" coveredelements="0"/>
      </class>
      <metrics loc="12" ncloc="11" classes="0" methods="0" coveredmethods="0" conditionals="0" coveredconditionals="0" statements="0" coveredstatements="0" elements="0" coveredelements="0"/>
    </file>
    <file name="/Users/rado/source/quillstack/packages/di/src/QuillStack/DI/Exceptions/UnresolvableParameterTypeException.php">
      <class name="QuillStack\DI\Exceptions\UnresolvableParameterTypeException" namespace="global">
        <metrics complexity="0" methods="0" coveredmethods="0" conditionals="0" coveredconditionals="0" statements="0" coveredstatements="0" elements="0" coveredelements="0"/>
      </class>
      <metrics loc="12" ncloc="11" classes="0" methods="0" coveredmethods="0" conditionals="0" coveredconditionals="0" statements="0" coveredstatements="0" elements="0" coveredelements="0"/>
    </file>
    <metrics files="10" loc="500" ncloc="309" classes="4" methods="19" coveredmethods="19" conditionals="0" coveredconditionals="0" statements="62" coveredstatements="62" elements="81" coveredelements="81"/>
  </project>
</coverage>
